<?xml version="1.0" encoding="UTF-8"?>
<!-- Generated by org.testng.reporters.JUnitReportReporter -->
<testsuite hostname="DESKTOP-792N559" failures="0" tests="8" name="runner.TestRunner" time="69.427" errors="2" timestamp="2023-10-30T16:16:33 PDT" skipped="0">
  <testcase classname="runner.TestRunner" name="runScenario" time="6.444"/>
  <testcase classname="runner.TestRunner" name="runScenario" time="6.757"/>
  <testcase classname="runner.TestRunner" name="runScenario" time="8.773"/>
  <testcase classname="runner.TestRunner" name="runScenario" time="11.445"/>
  <testcase classname="runner.TestRunner" name="runScenario" time="11.415"/>
  <testcase classname="runner.TestRunner" name="runScenario" time="7.242">
    <error message="Unresolved compilation problem: 
	The method pracQns() is undefined for the type BaseClass
" type="java.lang.Error">
      <![CDATA[java.lang.Error: Unresolved compilation problem: 
The method pracQns() is undefined for the type BaseClass

at stepDefinition.ArraysPage_sd.user_tests_array_page_enters_input_in_text_editor_box_and_it_gives_expectedOutput(ArraysPage_sd.java:101)
at ✽.User tests array page enters print"hello" in text editor box and it gives hello(file:///C:/Users/Priya/git/repository3/DsAlgo_project/src/test/resources/features/04ArraysPage.feature:12)
]]>
    </error>
  </testcase> <!-- runScenario -->
  <testcase classname="runner.TestRunner" name="runScenario" time="10.036"/>
  <testcase classname="runner.TestRunner" name="runScenario" time="7.315">
    <error message="Unresolved compilation problem: 
	The method pracQns() is undefined for the type BaseClass
" type="java.lang.Error">
      <![CDATA[java.lang.Error: Unresolved compilation problem: 
The method pracQns() is undefined for the type BaseClass

at stepDefinition.ArraysPage_sd.user_clicks_array_button_for_wrong_input_and_gives_errorInput_and_gets_errorMsg(ArraysPage_sd.java:192)
at ✽.User clicks array button for wrong input and gives hello and gets error(file:///C:/Users/Priya/git/repository3/DsAlgo_project/src/test/resources/features/04ArraysPage.feature:21)
]]>
    </error>
  </testcase> <!-- runScenario -->
</testsuite> <!-- runner.TestRunner -->
